


ARM Macro Assembler    Page 1 


    1 00000000         ; LCD.s
    2 00000000         ; Student names: change this to your names or look very 
                       silly
    3 00000000         ; Last modification date: change this to the last modifi
                       cation date or look very silly
    4 00000000         
    5 00000000         ; Runs on LM4F120/TM4C123
    6 00000000         ; Use SSI0 to send an 8-bit code to the ST7735 160x128 p
                       ixel LCD.
    7 00000000         
    8 00000000         ; As part of Lab 7, students need to implement these LCD
                       _WriteCommand and LCD_WriteData
    9 00000000         ; This driver assumes two low-level LCD functions
   10 00000000         
   11 00000000         ; Backlight (pin 10) connected to +3.3 V
   12 00000000         ; MISO (pin 9) unconnected
   13 00000000         ; SCK (pin 8) connected to PA2 (SSI0Clk)
   14 00000000         ; MOSI (pin 7) connected to PA5 (SSI0Tx)
   15 00000000         ; TFT_CS (pin 6) connected to PA3 (SSI0Fss)
   16 00000000         ; CARD_CS (pin 5) unconnected
   17 00000000         ; Data/Command (pin 4) connected to PA6 (GPIO)
   18 00000000         ; RESET (pin 3) connected to PA7 (GPIO)
   19 00000000         ; VCC (pin 2) connected to +3.3 V
   20 00000000         ; Gnd (pin 1) connected to ground
   21 00000000         
   22 00000000 40004100 
                       DC      EQU              0x40004100
   23 00000000 400043FC 
                       GPIO_PORTA_DATA_R
                               EQU              0x400043FC
   24 00000000 40008008 
                       SSI0_DR_R
                               EQU              0x40008008
   25 00000000 4000800C 
                       SSI0_SR_R
                               EQU              0x4000800C
   26 00000000 00000004 
                       SSI_SR_RNE
                               EQU              0x00000004  ; SSI Receive FIFO 
                                                            Not Empty
   27 00000000 00000010 
                       SSI_SR_BSY
                               EQU              0x00000010  ; SSI Busy Bit
   28 00000000 00000002 
                       SSI_SR_TNF
                               EQU              0x00000002  ; SSI Transmit FIFO
                                                             Not Full
   29 00000000         
   30 00000000                 EXPORT           writecommand
   31 00000000                 EXPORT           writedata
   32 00000000         
   33 00000000                 AREA             |.text|, CODE, READONLY, ALIGN=
2
   34 00000000                 THUMB
   35 00000000                 ALIGN
   36 00000000         
   37 00000000         ; The Data/Command pin must be valid when the eighth bit
                        is
   38 00000000         ; sent.  The SSI module has hardware input and output FI



ARM Macro Assembler    Page 2 


                       FOs
   39 00000000         ; that are 8 locations deep.  Based on the observation t
                       hat
   40 00000000         ; the LCD interface tends to send a few commands and the
                       n a
   41 00000000         ; lot of data, the FIFOs are not used when writing
   42 00000000         ; commands, and they are used when writing data.  This
   43 00000000         ; ensures that the Data/Command pin status matches the b
                       yte
   44 00000000         ; that is actually being transmitted.
   45 00000000         ; The write command operation waits until all data has b
                       een
   46 00000000         ; sent, configures the Data/Command pin for commands, se
                       nds
   47 00000000         ; the command, and then waits for the transmission to
   48 00000000         ; finish.
   49 00000000         ; The write data operation waits until there is room in 
                       the
   50 00000000         ; transmit FIFO, configures the Data/Command pin for dat
                       a,
   51 00000000         ; and then adds the data to the transmit FIFO.
   52 00000000         ; NOTE: These functions will crash or stall indefinitely
                        if
   53 00000000         ; the SSI0 module is not initialized and enabled.
   54 00000000         
   55 00000000         ; This is a helper function that sends an 8-bit command 
                       to the LCD.
   56 00000000         ; Input: R0  8-bit command to transmit
   57 00000000         ; Output: none
   58 00000000         ; Assumes: SSI0 and port A have already been initialized
                        and enabled
   59 00000000         writecommand
   60 00000000         ;; --UUU-- Code to write a command to the LCD
   61 00000000         ;1) Read SSI0_SR_R and check bit 4, 
   62 00000000 4910            LDR              R1, =SSI0_SR_R
   63 00000002 6809            LDR              R1, [R1]
   64 00000004 F001 0110       AND              R1, R1, #0x10
   65 00000008         ;2) If bit 4 is high, loop back to step 1 (wait for BUSY
                        bit to be low)
   66 00000008 2900            CMP              R1, #0
   67 0000000A D1FE            BNE              writecommand
   68 0000000C         ;3) Clear D/C=PA6 to zero
   69 0000000C 4A0E            LDR              R2, =DC
   70 0000000E 6813            LDR              R3, [R2]
   71 00000010 F023 0340       BIC              R3, R3, #0x40
   72 00000014 6013            STR              R3, [R2]
   73 00000016         ;4) Write the command to SSI0_DR_R
   74 00000016 4A0D            LDR              R2, =SSI0_DR_R
   75 00000018 7010            STRB             R0, [R2]
   76 0000001A         ;5) Read SSI0_SR_R and check bit 4, 
   77 0000001A         checker
   78 0000001A 490A            LDR              R1, =SSI0_SR_R
   79 0000001C 6809            LDR              R1, [R1]
   80 0000001E F001 0110       AND              R1, R1, #0x10
   81 00000022         ;6) If bit 4 is high, loop back to step 5 (wait for BUSY
                        bit to be low)
   82 00000022 2900            CMP              R1, #0
   83 00000024 D1F9            BNE              checker
   84 00000026 4770            BX               LR          ;   return



ARM Macro Assembler    Page 3 


   85 00000028         
   86 00000028         ; This is a helper function that sends an 8-bit data to 
                       the LCD.
   87 00000028         ; Input: R0  8-bit data to transmit
   88 00000028         ; Output: none
   89 00000028         ; Assumes: SSI0 and port A have already been initialized
                        and enabled
   90 00000028         writedata
   91 00000028         ;; --UUU-- Code to write data to the LCD
   92 00000028         ;1) Read SSI0_SR_R and check bit 1, 
   93 00000028 4906            LDR              R1, =SSI0_SR_R
   94 0000002A 6809            LDR              R1, [R1]
   95 0000002C F001 0102       AND              R1, R1, #0x02
   96 00000030         ;2) If bit 1 is low loop back to step 1 (wait for TNF bi
                       t to be high)
   97 00000030 2900            CMP              R1, #0
   98 00000032 D0FE            BEQ              writedata
   99 00000034         ;3) Set D/C=PA6 to one
  100 00000034 4A04            LDR              R2, =DC
  101 00000036 6813            LDR              R3, [R2]
  102 00000038 F043 0340       ORR              R3, R3, #0x40
  103 0000003C 6013            STR              R3, [R2]
  104 0000003E         ;4) Write the 8-bit data to SSI0_DR_R
  105 0000003E 4A03            LDR              R2, =SSI0_DR_R
  106 00000040 7010            STRB             R0, [R2]
  107 00000042         
  108 00000042 4770            BX               LR          ;   return
  109 00000044         
  110 00000044         
  111 00000044         ;***************************************************
  112 00000044         ; This is a library for the Adafruit 1.8" SPI display.
  113 00000044         ; This library works with the Adafruit 1.8" TFT Breakout
                        w/SD card
  114 00000044         ; ----> http://www.adafruit.com/products/358
  115 00000044         ; as well as Adafruit raw 1.8" TFT display
  116 00000044         ; ----> http://www.adafruit.com/products/618
  117 00000044         ;
  118 00000044         ; Check out the links above for our tutorials and wiring
                        diagrams
  119 00000044         ; These displays use SPI to communicate, 4 or 5 pins are
                        required to
  120 00000044         ; interface (RST is optional)
  121 00000044         ; Adafruit invests time and resources providing this ope
                       n source code,
  122 00000044         ; please support Adafruit and open-source hardware by pu
                       rchasing
  123 00000044         ; products from Adafruit!
  124 00000044         ;
  125 00000044         ; Written by Limor Fried/Ladyada for Adafruit Industries
                       .
  126 00000044         ; MIT license, all text above must be included in any re
                       distribution
  127 00000044         ;****************************************************
  128 00000044         
  129 00000044                 ALIGN                        ; make sure the end
                                                             of this section is
                                                             aligned
  130 00000044                 END                          ; end of file
              4000800C 



ARM Macro Assembler    Page 4 


              40004100 
              40008008 
Command Line: --debug --xref --diag_suppress=9931 --cpu=Cortex-M4 --apcs=interw
ork --depend=.\lcd.d -o.\lcd.o -I.\RTE\_Lab8 -IC:\Users\kenor\AppData\Local\Arm
\Packs\ARM\CMSIS\5.6.0\CMSIS\Core\Include -IC:\Users\kenor\AppData\Local\Arm\Pa
cks\Keil\TM4C_DFP\1.1.0\Device\Include\TM4C123 --predefine="__EVAL SETA 1" --pr
edefine="__UVISION_VERSION SETA 529" --predefine="_RTE_ SETA 1" --predefine="TM
4C123GH6PM SETA 1" --list=.\lcd.lst LCD.s



ARM Macro Assembler    Page 1 Alphabetic symbol ordering
Relocatable symbols

.text 00000000

Symbol: .text
   Definitions
      At line 33 in file LCD.s
   Uses
      None
Comment: .text unused
checker 0000001A

Symbol: checker
   Definitions
      At line 77 in file LCD.s
   Uses
      At line 83 in file LCD.s
Comment: checker used once
writecommand 00000000

Symbol: writecommand
   Definitions
      At line 59 in file LCD.s
   Uses
      At line 30 in file LCD.s
      At line 67 in file LCD.s

writedata 00000028

Symbol: writedata
   Definitions
      At line 90 in file LCD.s
   Uses
      At line 31 in file LCD.s
      At line 98 in file LCD.s

4 symbols



ARM Macro Assembler    Page 1 Alphabetic symbol ordering
Absolute symbols

DC 40004100

Symbol: DC
   Definitions
      At line 22 in file LCD.s
   Uses
      At line 69 in file LCD.s
      At line 100 in file LCD.s

GPIO_PORTA_DATA_R 400043FC

Symbol: GPIO_PORTA_DATA_R
   Definitions
      At line 23 in file LCD.s
   Uses
      None
Comment: GPIO_PORTA_DATA_R unused
SSI0_DR_R 40008008

Symbol: SSI0_DR_R
   Definitions
      At line 24 in file LCD.s
   Uses
      At line 74 in file LCD.s
      At line 105 in file LCD.s

SSI0_SR_R 4000800C

Symbol: SSI0_SR_R
   Definitions
      At line 25 in file LCD.s
   Uses
      At line 62 in file LCD.s
      At line 78 in file LCD.s
      At line 93 in file LCD.s

SSI_SR_BSY 00000010

Symbol: SSI_SR_BSY
   Definitions
      At line 27 in file LCD.s
   Uses
      None
Comment: SSI_SR_BSY unused
SSI_SR_RNE 00000004

Symbol: SSI_SR_RNE
   Definitions
      At line 26 in file LCD.s
   Uses
      None
Comment: SSI_SR_RNE unused
SSI_SR_TNF 00000002

Symbol: SSI_SR_TNF
   Definitions
      At line 28 in file LCD.s
   Uses
      None



ARM Macro Assembler    Page 2 Alphabetic symbol ordering
Absolute symbols

Comment: SSI_SR_TNF unused
7 symbols
347 symbols in table
